2020-09-19 16:00:44,914:WARNING:discord.client: PyNaCl is not installed, voice will NOT be supported
2020-09-19 16:00:44,914:DEBUG:discord.client: on_ready has successfully been registered as an event
2020-09-19 16:00:44,914:DEBUG:discord.client: on_message has successfully been registered as an event
2020-09-19 16:00:44,915:INFO:discord.client: logging in using static token
2020-09-19 16:00:45,486:DEBUG:discord.http: GET https://discord.com/api/v7/users/@me with None has returned 200
2020-09-19 16:00:45,487:DEBUG:discord.http: GET https://discord.com/api/v7/users/@me has received {'id': '749261555090063432', 'username': 'TestingBot', 'avatar': None, 'discriminator': '7592', 'public_flags': 0, 'flags': 0, 'bot': True, 'email': None, 'verified': True, 'locale': 'en-US', 'mfa_enabled': False}
2020-09-19 16:00:45,570:DEBUG:discord.http: GET https://discord.com/api/v7/gateway with None has returned 200
2020-09-19 16:00:45,571:DEBUG:discord.http: GET https://discord.com/api/v7/gateway has received {'url': 'wss://gateway.discord.gg'}
2020-09-19 16:00:46,210:DEBUG:discord.gateway: Created websocket connected to wss://gateway.discord.gg?encoding=json&v=6&compress=zlib-stream
2020-09-19 16:00:46,211:DEBUG:discord.client: Dispatching event socket_raw_receive
2020-09-19 16:00:46,212:DEBUG:discord.gateway: For Shard ID None: WebSocket Event: {'t': None, 's': None, 'op': 10, 'd': {'heartbeat_interval': 41250, '_trace': ['["gateway-prd-main-gv6k",{"micros":0.0}]']}}
2020-09-19 16:00:46,212:DEBUG:discord.client: Dispatching event socket_response
2020-09-19 16:00:46,212:DEBUG:discord.client: Dispatching event socket_raw_send
2020-09-19 16:00:46,214:DEBUG:discord.client: Dispatching event socket_raw_send
2020-09-19 16:00:46,214:INFO:discord.gateway: Shard ID None has sent the IDENTIFY payload.
2020-09-19 16:00:47,028:DEBUG:discord.client: Dispatching event socket_raw_receive
2020-09-19 16:00:47,029:DEBUG:discord.gateway: For Shard ID None: WebSocket Event: {'t': None, 's': None, 'op': 11, 'd': None}
2020-09-19 16:00:47,029:DEBUG:discord.client: Dispatching event socket_response
2020-09-19 16:00:47,030:DEBUG:discord.client: Dispatching event socket_raw_receive
2020-09-19 16:00:47,030:DEBUG:discord.gateway: For Shard ID None: WebSocket Event: {'t': 'READY', 's': 1, 'op': 0, 'd': {'v': 6, 'user_settings': {}, 'user': {'verified': True, 'username': 'TestingBot', 'mfa_enabled': False, 'id': '749261555090063432', 'flags': 0, 'email': None, 'discriminator': '7592', 'bot': True, 'avatar': None}, 'session_id': '9dd0e379eacb10208196911d70bbecd3', 'relationships': [], 'private_channels': [], 'presences': [], 'guilds': [{'unavailable': True, 'id': '749262287805874237'}], 'application': {'id': '749261555090063432', 'flags': 0}, '_trace': ['["gateway-prd-main-gv6k",{"micros":92875,"calls":["discord-sessions-prd-2-52",{"micros":91945,"calls":["start_session",{"micros":44248,"calls":["api-prd-main-z9kq",{"micros":41837,"calls":["get_user",{"micros":3149},"add_authorized_ip",{"micros":1808},"get_guilds",{"micros":5798},"coros_wait",{"micros":1}]}]},"guilds_connect",{"micros":1,"calls":[]},"presence_connect",{"micros":18646,"calls":[]}]}]}]']}}
2020-09-19 16:00:47,030:DEBUG:discord.client: Dispatching event socket_response
2020-09-19 16:00:47,031:INFO:discord.gateway: Shard ID None has connected to Gateway: ["gateway-prd-main-gv6k",{"micros":92875,"calls":["discord-sessions-prd-2-52",{"micros":91945,"calls":["start_session",{"micros":44248,"calls":["api-prd-main-z9kq",{"micros":41837,"calls":["get_user",{"micros":3149},"add_authorized_ip",{"micros":1808},"get_guilds",{"micros":5798},"coros_wait",{"micros":1}]}]},"guilds_connect",{"micros":1,"calls":[]},"presence_connect",{"micros":18646,"calls":[]}]}]}] (Session ID: 9dd0e379eacb10208196911d70bbecd3).
2020-09-19 16:00:47,041:DEBUG:discord.client: Dispatching event connect
2020-09-19 16:00:47,042:DEBUG:discord.client: Dispatching event socket_raw_receive
2020-09-19 16:00:47,042:DEBUG:discord.gateway: For Shard ID None: WebSocket Event: {'t': 'GUILD_CREATE', 's': 2, 'op': 0, 'd': {'features': [], 'splash': None, 'afk_timeout': 300, 'large': False, 'joined_at': '2020-08-29T13:59:14.887000+00:00', 'discovery_splash': None, 'default_message_notifications': 0, 'rules_channel_id': None, 'system_channel_id': '749262287805874240', 'explicit_content_filter': 0, 'channels': [{'type': 4, 'position': 0, 'permission_overwrites': [], 'name': 'Text Channels', 'id': '749262287805874238'}, {'type': 4, 'position': 0, 'permission_overwrites': [], 'name': 'Voice Channels', 'id': '749262287805874239'}, {'type': 0, 'topic': None, 'rate_limit_per_user': 0, 'position': 0, 'permission_overwrites': [], 'parent_id': '749262287805874238', 'name': 'general', 'last_message_id': '754340334460469338', 'id': '749262287805874240'}, {'user_limit': 0, 'type': 2, 'position': 0, 'permission_overwrites': [], 'parent_id': '749262287805874239', 'name': 'General', 'id': '749262287805874241', 'bitrate': 64000}, {'type': 0, 'topic': None, 'rate_limit_per_user': 0, 'position': 1, 'permission_overwrites': [], 'parent_id': '749262287805874238', 'name': 'testchannel', 'last_message_id': '749653800532443187', 'id': '749350627154460692'}, {'type': 0, 'topic': None, 'rate_limit_per_user': 0, 'position': 2, 'permission_overwrites': [], 'parent_id': '749262287805874238', 'name': 'tle-testing', 'last_message_id': '756780151257301063', 'id': '749513721726107698'}, {'type': 0, 'topic': None, 'rate_limit_per_user': 0, 'position': 3, 'permission_overwrites': [], 'parent_id': '749262287805874238', 'name': 'hacktoberfect', 'last_message_id': '754324131771842580', 'id': '750701969164730458'}], 'verification_level': 0, 'icon': None, 'owner_id': '674460254393597954', 'mfa_level': 0, 'name': 'TestBotServer', 'roles': [{'position': 0, 'permissions_new': '104320577', 'permissions': 104320577, 'name': '@everyone', 'mentionable': False, 'managed': False, 'id': '749262287805874237', 'hoist': False, 'color': 0}, {'tags': {'bot_id': '749261555090063432'}, 'position': 1, 'permissions_new': '8', 'permissions': 8, 'name': 'TestingBot', 'mentionable': False, 'managed': True, 'id': '749266921748168735', 'hoist': False, 'color': 0}], 'presences': [{'user': {'id': '674460254393597954'}, 'status': 'online', 'game': None, 'client_status': {'web': 'online'}, 'activities': []}, {'user': {'id': '749261555090063432'}, 'status': 'online', 'game': None, 'client_status': {'web': 'online'}, 'activities': []}], 'premium_subscription_count': 0, 'region': 'hongkong', 'guild_hashes': {'version': 1, 'roles': {'omitted': False, 'hash': 'T9M+1dnU5h0'}, 'metadata': {'omitted': False, 'hash': '/KDQLDeyZIc'}, 'channels': {'omitted': False, 'hash': 'slLmHdITeAo'}}, 'voice_states': [], 'premium_tier': 0, 'member_count': 2, 'vanity_url_code': None, 'max_video_channel_users': 25, 'emojis': [], 'application_id': None, 'preferred_locale': 'en-US', 'system_channel_flags': 0, 'afk_channel_id': None, 'public_updates_channel_id': None, 'unavailable': False, 'max_members': 250000, 'lazy': True, 'id': '749262287805874237', 'members': [{'user': {'username': 'DeadDeveloper', 'id': '674460254393597954', 'discriminator': '0986', 'avatar': 'be1d2b8d02a3a867a82cb444e9d135a3'}, 'roles': [], 'mute': False, 'joined_at': '2020-08-29T13:40:50.048000+00:00', 'hoisted_role': None, 'deaf': False}, {'user': {'username': 'TestingBot', 'id': '749261555090063432', 'discriminator': '7592', 'bot': True, 'avatar': None}, 'roles': ['749266921748168735'], 'mute': False, 'joined_at': '2020-08-29T13:59:14.887000+00:00', 'hoisted_role': None, 'deaf': False}], 'description': None, 'banner': None}}
2020-09-19 16:00:47,042:DEBUG:discord.client: Dispatching event socket_response
2020-09-19 16:00:47,042:DEBUG:discord.client: Dispatching event guild_available
2020-09-19 16:00:49,045:DEBUG:discord.client: Dispatching event ready
2020-09-19 16:00:51,330:DEBUG:discord.http: POST https://discord.com/api/v7/channels/749513721726107698/messages with {"content":"Discord Bot Online."} has returned 200
2020-09-19 16:00:51,331:DEBUG:discord.http: POST https://discord.com/api/v7/channels/749513721726107698/messages has received {'id': '756786874353451069', 'type': 0, 'content': 'Discord Bot Online.', 'channel_id': '749513721726107698', 'author': {'id': '749261555090063432', 'username': 'TestingBot', 'avatar': None, 'discriminator': '7592', 'public_flags': 0, 'bot': True}, 'attachments': [], 'embeds': [], 'mentions': [], 'mention_roles': [], 'pinned': False, 'mention_everyone': False, 'tts': False, 'timestamp': '2020-09-19T08:00:51.266000+00:00', 'edited_timestamp': None, 'flags': 0}
2020-09-19 16:00:51,333:DEBUG:discord.client: Dispatching event socket_raw_receive
2020-09-19 16:00:51,334:DEBUG:discord.gateway: For Shard ID None: WebSocket Event: {'t': 'MESSAGE_CREATE', 's': 3, 'op': 0, 'd': {'type': 0, 'tts': False, 'timestamp': '2020-09-19T08:00:51.266000+00:00', 'pinned': False, 'mentions': [], 'mention_roles': [], 'mention_everyone': False, 'member': {'roles': ['749266921748168735'], 'mute': False, 'joined_at': '2020-08-29T13:59:14.887000+00:00', 'hoisted_role': None, 'deaf': False}, 'id': '756786874353451069', 'flags': 0, 'embeds': [], 'edited_timestamp': None, 'content': 'Discord Bot Online.', 'channel_id': '749513721726107698', 'author': {'username': 'TestingBot', 'public_flags': 0, 'id': '749261555090063432', 'discriminator': '7592', 'bot': True, 'avatar': None}, 'attachments': [], 'guild_id': '749262287805874237'}}
2020-09-19 16:00:51,335:DEBUG:discord.client: Dispatching event socket_response
2020-09-19 16:00:51,335:DEBUG:discord.client: Dispatching event message
2020-09-19 16:00:52,153:INFO:discord.client: Cleaning up tasks.
2020-09-19 16:00:52,154:INFO:discord.client: Cleaning up after 1 tasks.
2020-09-19 16:00:52,733:INFO:discord.client: All tasks finished cancelling.
2020-09-19 16:00:52,733:INFO:discord.client: Closing the event loop.
